A51 MACRO ASSEMBLER  ECHO                                                                 04/02/2019 22:44:55 PAGE     1


MACRO ASSEMBLER A51 V8.2.7.0
OBJECT MODULE PLACED IN .\Objects\Echo.obj
ASSEMBLER INVOKED BY: C:\Keil_v5\C51\BIN\A51.EXE Echo.asm SET(SMALL) DEBUG PRINT(.\Listings\Echo.lst) OBJECT(.\Objects\E
                      cho.obj) EP

LOC  OBJ            LINE     SOURCE

                       1     
                       2     
                       3     
                       4     
                       5     
                       6     
                       7     
                       8     
                       9     
                      10     
                      11     
                      12     
                      13     
                      14     
                      15     
                      16     
                      17     
                      18     
                      19     
                      20     
                      21     
                      22     
                      23     
                      24     
                      25     
                      26     
                      27     
                      28     
                      29     
                      30     
                      31     
                      32     
                      33     
                      34     
                      35     
                      36     
                      37     
                      38     
                      39                     
                      40     
0000                  41                     ORG 0000H
0000 020026           42                     LJMP MAIN
                      43                     
0023                  44                     ORG 0023H
0023 02011D           45                     LJMP ISR
                      46                     
                      47                     
                      48     
0026                  49     MAIN:
0100                  50                     ORG 0100H
                      51                             
                      52                     
                      53                     
0100 E58E             54                     MOV A, 8EH                               
0102 54FE             55                     ANL A, #11111110b
0104 F58E             56                     MOV 8EH, A
                      57                     
A51 MACRO ASSEMBLER  ECHO                                                                 04/02/2019 22:44:55 PAGE     2

                      58                     
                      59                     
0106 E587             60                     MOV A, PCON                              
0108 D2E7             61                     SETB ACC.7
010A F587             62                     MOV PCON, A
                      63                     
010C 758920           64                     MOV TMOD, #20H                   
010F 758DFF           65                     MOV TH1, #0FFH                   
0112 759850           66                     MOV SCON, #50H                   
0115 75A890           67                     MOV IE, #90H                     
0118 D28E             68                     SETB TR1                                 
                      69                     
011A 00               70     LOOP:   NOP
011B 211A             71                     AJMP LOOP
                      72                     
011D                  73     ISR:
0040                  74                     ORG 0040H
0040 309805           75                     JNB RI, HERE                     
0043 859999           76                     MOV SBUF, SBUF                   
                      77                                                                     
0046 C298             78                     CLR RI                                   
0048 C299             79     HERE:   CLR TI                                   
004A 32               80                     RETI
                      81                     
                      82                     END
A51 MACRO ASSEMBLER  ECHO                                                                 04/02/2019 22:44:55 PAGE     3

SYMBOL TABLE LISTING
------ ----- -------


N A M E             T Y P E  V A L U E   ATTRIBUTES

ACC. . . . . . . .  D ADDR   00E0H   A   
HERE . . . . . . .  C ADDR   0048H   A   
IE . . . . . . . .  D ADDR   00A8H   A   
ISR. . . . . . . .  C ADDR   011DH   A   
LOOP . . . . . . .  C ADDR   011AH   A   
MAIN . . . . . . .  C ADDR   0026H   A   
PCON . . . . . . .  D ADDR   0087H   A   
RI . . . . . . . .  B ADDR   0098H.0 A   
SBUF . . . . . . .  D ADDR   0099H   A   
SCON . . . . . . .  D ADDR   0098H   A   
TH1. . . . . . . .  D ADDR   008DH   A   
TI . . . . . . . .  B ADDR   0098H.1 A   
TMOD . . . . . . .  D ADDR   0089H   A   
TR1. . . . . . . .  B ADDR   0088H.6 A   


REGISTER BANK(S) USED: 0 


ASSEMBLY COMPLETE.  0 WARNING(S), 0 ERROR(S)
